<?xml version="1.0" encoding="utf-8"?><testsuites name="pytest tests"><testsuite name="pytest" errors="0" failures="0" skipped="0" tests="16" time="2.785" timestamp="2026-04-17T18:34:06.778750+00:00" hostname="agent-env-e67bb200-c31c-49d4-87af-48cd0ea16381"><testcase classname="backend.tests.test_smart_site_api.TestHealthEndpoint" name="test_health_returns_ok" time="0.223" /><testcase classname="backend.tests.test_smart_site_api.TestSessionsAndSignals" name="test_session_init_creates_session" time="0.062" /><testcase classname="backend.tests.test_smart_site_api.TestSessionsAndSignals" name="test_signal_track_updates_intent_scores" time="0.169" /><testcase classname="backend.tests.test_smart_site_api.TestSurfaceContent" name="test_surface_content_default_no_session" time="0.071" /><testcase classname="backend.tests.test_smart_site_api.TestSurfaceContent" name="test_surface_content_with_intent_matches_switch" time="0.268" /><testcase classname="backend.tests.test_smart_site_api.TestLeadSubmission" name="test_create_lead_with_session" time="0.231" /><testcase classname="backend.tests.test_smart_site_api.TestAdminAuth" name="test_admin_login_success" time="0.300" /><testcase classname="backend.tests.test_smart_site_api.TestAdminAuth" name="test_admin_login_wrong_creds" time="0.280" /><testcase classname="backend.tests.test_smart_site_api.TestAdminAuth" name="test_admin_me_with_token" time="0.329" /><testcase classname="backend.tests.test_smart_site_api.TestAdminAuth" name="test_admin_me_without_token" time="0.142" /><testcase classname="backend.tests.test_smart_site_api.TestAdminSurfaces" name="test_list_surfaces_returns_at_least_7" time="0.082" /><testcase classname="backend.tests.test_smart_site_api.TestAdminSwitches" name="test_switch_crud_end_to_end" time="0.222" /><testcase classname="backend.tests.test_smart_site_api.TestAdminLeads" name="test_list_leads" time="0.051" /><testcase classname="backend.tests.test_smart_site_api.TestAdminAnalytics" name="test_analytics_overview" time="0.058" /><testcase classname="backend.tests.test_smart_site_api.TestAdminSessions" name="test_list_sessions" time="0.056" /><testcase classname="backend.tests.test_smart_site_api.TestAdminSessions" name="test_list_session_events" time="0.053" /></testsuite></testsuites>